<?xml version="1.0" encoding="UTF-8"?>
<!-- Generated by org.testng.reporters.JUnitReportReporter -->
<testsuite skipped="0" hostname="den01cpm" name="okcs.AddArticleTests" tests="1" failures="0" timestamp="03 Dec 2019 10:30:22 GMT" time="74.354" errors="0">
  <testcase name="addNewArticle" time="74.354" classname="okcs.AddArticleTests"/>
</testsuite> <!-- okcs.AddArticleTests -->
